[2024-10-24 16:00:21][INFO] New migration Version20241024160021User created successfully.
[2024-10-24 16:02:01][ERROR] Error running migration There is no active transaction
[2024-10-24 16:04:57][INFO] New migration Version20241024160457User created successfully.
[2024-10-24 16:09:29][INFO] New migration Version20241024160929User created successfully.
[2024-10-24 16:09:51][ERROR] Failed to run migration Version20241024160929User: SQLSTATE[42S01]: Base table or view already exists: 1050 Table 'users' already exists
[2024-10-24 16:10:00][ERROR] Error running migration: There is no active transaction
[2024-10-24 16:10:17][ERROR] Failed to run migration Version20241024160929User: SQLSTATE[42S01]: Base table or view already exists: 1050 Table '_users' already exists
[2024-10-24 16:10:39][ERROR] Error running migration: There is no active transaction
[2024-10-24 16:11:57][ERROR] Failed to run migration Version20241024160929User: There is no active transaction
[2024-10-24 16:13:11][SUCCESS] Migration Version20241024160929User ran successfully.
[2024-10-24 16:20:02][SUCCESS] Migration Version20241024160929User reverted successfully.
[2024-10-24 16:20:12][SUCCESS] Migration Version20241024160929User ran successfully.
[2024-10-24 16:20:18][SUCCESS] Migration Version20241024160929User reverted successfully.
[2024-10-25 10:57:59][INFO] New migration Version20241025105759 created successfully.
[2024-10-25 11:00:00][SUCCESS] Migration Version20241025105759 ran successfully.
[2024-10-25 11:00:20][SUCCESS] Migration Version20241025105759 reverted successfully.
[2024-10-25 11:02:11][INFO] New migration Version20241025110211Quotes created successfully.
[2024-10-25 11:03:42][SUCCESS] Migration Version20241025110211Quotes ran successfully.
[2024-10-25 11:04:50][SUCCESS] Migration Version20241025110211Quotes reverted successfully.
[2024-10-25 12:04:26][INFO] Model 'User' created.
[2024-10-25 14:16:03][Europe/Paris][SUCCESS] Model 'User' created.
